<?xml version="1.0" encoding="UTF-8"?>
<!-- Generated by org.testng.reporters.JUnitXMLReporter -->
<testsuite hostname="LAPTOP-80ILKSPS" ignored="0" name="Verifying Department names" tests="7" failures="0" timestamp="16 Aug 2018 02:18:30 GMT" time="73.433" errors="0">
  <testcase name="Verify_DataDeptNames" time="5.862" classname="Branch_QA.Verify_EmpDepartments"/>
  <testcase name="Verify_Marketing_DeptNames" time="1.504" classname="Branch_QA.Verify_EmpDepartments"/>
  <testcase name="Verify_Operations_Deptnames" time="0.615" classname="Branch_QA.Verify_EmpDepartments"/>
  <testcase name="Verify_Partner_Growth_DeptNames" time="4.291" classname="Branch_QA.Verify_EmpDepartments"/>
  <testcase name="Verify_Product_DeptNames" time="0.46" classname="Branch_QA.Verify_EmpDepartments"/>
  <testcase name="Verify_Recruiting_DeptNames" time="0.36" classname="Branch_QA.Verify_EmpDepartments"/>
  <testcase name="verify_EngDeptNames" time="2.756" classname="Branch_QA.Verify_EmpDepartments"/>
</testsuite> <!-- Verifying Department names -->
