<?xml version="1.0" encoding="UTF-8"?>
<!-- Generated by org.testng.reporters.JUnitXMLReporter -->
<testsuite hostname="LAPTOP-80ILKSPS" ignored="0" name="Verifying Employee names" tests="7" failures="0" timestamp="16 Aug 2018 02:17:16 GMT" time="81.508" errors="0">
  <testcase name="Verify_Marketing_Dept_Names" time="2.003" classname="Branch_QA.Verify_EmployeeN"/>
  <testcase name="Verify_Operations_Dept_Emp_names" time="1.395" classname="Branch_QA.Verify_EmployeeN"/>
  <testcase name="Verify_Partner_Growth_Dept_EmpNames" time="5.505" classname="Branch_QA.Verify_EmployeeN"/>
  <testcase name="Verify_Product_Dept_Names" time="0.392" classname="Branch_QA.Verify_EmployeeN"/>
  <testcase name="Verify_Recruiting_Dept_EMpNames" time="0.343" classname="Branch_QA.Verify_EmployeeN"/>
  <testcase name="verifyDataDept_names" time="1.268" classname="Branch_QA.Verify_EmployeeN"/>
  <testcase name="verify_EngDept_Names" time="3.414" classname="Branch_QA.Verify_EmployeeN"/>
</testsuite> <!-- Verifying Employee names -->
