<?xml version="1.0" encoding="UTF-8"?>
<!-- Generated by org.testng.reporters.JUnitXMLReporter -->
<testsuite hostname="LAPTOP-80ILKSPS" ignored="0" name="Verifying Department names" tests="7" failures="0" timestamp="28 Aug 2018 04:09:50 GMT" time="56.898" errors="0">
  <testcase name="Verify_DataDeptNames" time="5.807" classname="Branch_QA.Verify_EmpDepartments"/>
  <testcase name="Verify_Marketing_DeptNames" time="1.262" classname="Branch_QA.Verify_EmpDepartments"/>
  <testcase name="Verify_Operations_Deptnames" time="0.647" classname="Branch_QA.Verify_EmpDepartments"/>
  <testcase name="Verify_Partner_Growth_DeptNames" time="3.875" classname="Branch_QA.Verify_EmpDepartments"/>
  <testcase name="Verify_Product_DeptNames" time="0.63" classname="Branch_QA.Verify_EmpDepartments"/>
  <testcase name="Verify_Recruiting_DeptNames" time="0.374" classname="Branch_QA.Verify_EmpDepartments"/>
  <testcase name="verify_EngDeptNames" time="2.873" classname="Branch_QA.Verify_EmpDepartments"/>
</testsuite> <!-- Verifying Department names -->
