<?xml version="1.0" encoding="UTF-8"?>
<!-- Generated by org.testng.reporters.JUnitXMLReporter -->
<testsuite hostname="LAPTOP-80ILKSPS" ignored="0" name="Verifying Employee names" tests="7" failures="0" timestamp="28 Aug 2018 04:08:53 GMT" time="59.993" errors="0">
  <testcase name="Verify_Marketing_Dept_Names" time="2.105" classname="Branch_QA.Verify_EmployeeN"/>
  <testcase name="Verify_Operations_Dept_Emp_names" time="1.351" classname="Branch_QA.Verify_EmployeeN"/>
  <testcase name="Verify_Partner_Growth_Dept_EmpNames" time="4.472" classname="Branch_QA.Verify_EmployeeN"/>
  <testcase name="Verify_Product_Dept_Names" time="0.537" classname="Branch_QA.Verify_EmployeeN"/>
  <testcase name="Verify_Recruiting_Dept_EMpNames" time="0.628" classname="Branch_QA.Verify_EmployeeN"/>
  <testcase name="verifyDataDept_names" time="1.244" classname="Branch_QA.Verify_EmployeeN"/>
  <testcase name="verify_EngDept_Names" time="3.685" classname="Branch_QA.Verify_EmployeeN"/>
</testsuite> <!-- Verifying Employee names -->
