<?xml version="1.0" encoding="UTF-8"?>
<testng-results skipped="0" failed="1" ignored="0" total="15" passed="14">
  <reporter-output>
  </reporter-output>
  <suite name="Suite" duration-ms="194039" started-at="2018-08-20T22:45:28Z" finished-at="2018-08-20T22:48:42Z">
    <groups>
    </groups>
    <test name="Verifying sum of departments" duration-ms="52288" started-at="2018-08-20T22:45:28Z" finished-at="2018-08-20T22:46:20Z">
      <class name="Branch_QA.Verify_SumofDepartment">
        <test-method status="PASS" signature="initialize()[pri:0, instance:Branch_QA.Verify_SumofDepartment@6f27a732]" name="initialize" is-config="true" duration-ms="18269" started-at="2018-08-20T22:45:28Z" finished-at="2018-08-20T22:45:46Z">
          <reporter-output>
          </reporter-output>
        </test-method> <!-- initialize -->
        <test-method status="FAIL" signature="SumofDept()[pri:0, instance:Branch_QA.Verify_SumofDepartment@6f27a732]" name="SumofDept" duration-ms="32507" started-at="2018-08-20T22:45:46Z" finished-at="2018-08-20T22:46:19Z">
          <exception class="java.lang.AssertionError">
            <message>
              <![CDATA[expected [131] but found [133]]]>
            </message>
            <full-stacktrace>
              <![CDATA[java.lang.AssertionError: expected [131] but found [133]
at org.testng.Assert.fail(Assert.java:96)
at org.testng.Assert.failNotEquals(Assert.java:776)
at org.testng.Assert.assertEqualsImpl(Assert.java:137)
at org.testng.Assert.assertEquals(Assert.java:118)
at org.testng.Assert.assertEquals(Assert.java:652)
at org.testng.Assert.assertEquals(Assert.java:662)
at Branch_QA.Verify_SumofDepartment.SumofDept(Verify_SumofDepartment.java:137)
at sun.reflect.NativeMethodAccessorImpl.invoke0(Native Method)
at sun.reflect.NativeMethodAccessorImpl.invoke(NativeMethodAccessorImpl.java:62)
at sun.reflect.DelegatingMethodAccessorImpl.invoke(DelegatingMethodAccessorImpl.java:43)
at java.lang.reflect.Method.invoke(Method.java:498)
at org.testng.internal.MethodInvocationHelper.invokeMethod(MethodInvocationHelper.java:124)
at org.testng.internal.Invoker.invokeMethod(Invoker.java:580)
at org.testng.internal.Invoker.invokeTestMethod(Invoker.java:716)
at org.testng.internal.Invoker.invokeTestMethods(Invoker.java:988)
at org.testng.internal.TestMethodWorker.invokeTestMethods(TestMethodWorker.java:125)
at org.testng.internal.TestMethodWorker.run(TestMethodWorker.java:109)
at org.testng.TestRunner.privateRun(TestRunner.java:648)
at org.testng.TestRunner.run(TestRunner.java:505)
at org.testng.SuiteRunner.runTest(SuiteRunner.java:455)
at org.testng.SuiteRunner.runSequentially(SuiteRunner.java:450)
at org.testng.SuiteRunner.privateRun(SuiteRunner.java:415)
at org.testng.SuiteRunner.run(SuiteRunner.java:364)
at org.testng.SuiteRunnerWorker.runSuite(SuiteRunnerWorker.java:52)
at org.testng.SuiteRunnerWorker.run(SuiteRunnerWorker.java:84)
at org.testng.TestNG.runSuitesSequentially(TestNG.java:1208)
at org.testng.TestNG.runSuitesLocally(TestNG.java:1137)
at org.testng.TestNG.runSuites(TestNG.java:1049)
at org.testng.TestNG.run(TestNG.java:1017)
at org.testng.remote.AbstractRemoteTestNG.run(AbstractRemoteTestNG.java:114)
at org.testng.remote.RemoteTestNG.initAndRun(RemoteTestNG.java:251)
at org.testng.remote.RemoteTestNG.main(RemoteTestNG.java:77)
]]>
            </full-stacktrace>
          </exception> <!-- java.lang.AssertionError -->
          <reporter-output>
          </reporter-output>
        </test-method> <!-- SumofDept -->
        <test-method status="PASS" signature="browserclose()[pri:0, instance:Branch_QA.Verify_SumofDepartment@6f27a732]" name="browserclose" is-config="true" duration-ms="431" started-at="2018-08-20T22:46:20Z" finished-at="2018-08-20T22:46:20Z">
          <reporter-output>
          </reporter-output>
        </test-method> <!-- browserclose -->
      </class> <!-- Branch_QA.Verify_SumofDepartment -->
    </test> <!-- Verifying sum of departments -->
    <test name="Verifying Employee names" duration-ms="72771" started-at="2018-08-20T22:46:20Z" finished-at="2018-08-20T22:47:33Z">
      <class name="Branch_QA.Verify_EmployeeN">
        <test-method status="PASS" signature="initialize()[pri:0, instance:Branch_QA.Verify_EmployeeN@51f116b8]" name="initialize" is-config="true" duration-ms="7523" started-at="2018-08-20T22:46:20Z" finished-at="2018-08-20T22:46:28Z">
          <reporter-output>
          </reporter-output>
        </test-method> <!-- initialize -->
        <test-method status="PASS" signature="Verify_Marketing_Dept_Names()[pri:0, instance:Branch_QA.Verify_EmployeeN@51f116b8]" name="Verify_Marketing_Dept_Names" duration-ms="1797" started-at="2018-08-20T22:46:28Z" finished-at="2018-08-20T22:46:30Z">
          <reporter-output>
          </reporter-output>
        </test-method> <!-- Verify_Marketing_Dept_Names -->
        <test-method status="PASS" signature="Closebrowser()[pri:0, instance:Branch_QA.Verify_EmployeeN@51f116b8]" name="Closebrowser" is-config="true" duration-ms="2213" started-at="2018-08-20T22:46:30Z" finished-at="2018-08-20T22:46:32Z">
          <reporter-output>
          </reporter-output>
        </test-method> <!-- Closebrowser -->
        <test-method status="PASS" signature="initialize()[pri:0, instance:Branch_QA.Verify_EmployeeN@51f116b8]" name="initialize" is-config="true" duration-ms="7399" started-at="2018-08-20T22:46:32Z" finished-at="2018-08-20T22:46:39Z">
          <reporter-output>
          </reporter-output>
        </test-method> <!-- initialize -->
        <test-method status="PASS" signature="Verify_Operations_Dept_Emp_names()[pri:0, instance:Branch_QA.Verify_EmployeeN@51f116b8]" name="Verify_Operations_Dept_Emp_names" duration-ms="1287" started-at="2018-08-20T22:46:39Z" finished-at="2018-08-20T22:46:40Z">
          <reporter-output>
          </reporter-output>
        </test-method> <!-- Verify_Operations_Dept_Emp_names -->
        <test-method status="PASS" signature="Closebrowser()[pri:0, instance:Branch_QA.Verify_EmployeeN@51f116b8]" name="Closebrowser" is-config="true" duration-ms="1007" started-at="2018-08-20T22:46:40Z" finished-at="2018-08-20T22:46:41Z">
          <reporter-output>
          </reporter-output>
        </test-method> <!-- Closebrowser -->
        <test-method status="PASS" signature="initialize()[pri:0, instance:Branch_QA.Verify_EmployeeN@51f116b8]" name="initialize" is-config="true" duration-ms="7252" started-at="2018-08-20T22:46:41Z" finished-at="2018-08-20T22:46:49Z">
          <reporter-output>
          </reporter-output>
        </test-method> <!-- initialize -->
        <test-method status="PASS" signature="Verify_Partner_Growth_Dept_EmpNames()[pri:0, instance:Branch_QA.Verify_EmployeeN@51f116b8]" name="Verify_Partner_Growth_Dept_EmpNames" duration-ms="4045" started-at="2018-08-20T22:46:49Z" finished-at="2018-08-20T22:46:53Z">
          <reporter-output>
          </reporter-output>
        </test-method> <!-- Verify_Partner_Growth_Dept_EmpNames -->
        <test-method status="PASS" signature="Closebrowser()[pri:0, instance:Branch_QA.Verify_EmployeeN@51f116b8]" name="Closebrowser" is-config="true" duration-ms="1211" started-at="2018-08-20T22:46:53Z" finished-at="2018-08-20T22:46:54Z">
          <reporter-output>
          </reporter-output>
        </test-method> <!-- Closebrowser -->
        <test-method status="PASS" signature="initialize()[pri:0, instance:Branch_QA.Verify_EmployeeN@51f116b8]" name="initialize" is-config="true" duration-ms="7553" started-at="2018-08-20T22:46:54Z" finished-at="2018-08-20T22:47:02Z">
          <reporter-output>
          </reporter-output>
        </test-method> <!-- initialize -->
        <test-method status="PASS" signature="Verify_Product_Dept_Names()[pri:0, instance:Branch_QA.Verify_EmployeeN@51f116b8]" name="Verify_Product_Dept_Names" duration-ms="386" started-at="2018-08-20T22:47:02Z" finished-at="2018-08-20T22:47:02Z">
          <reporter-output>
          </reporter-output>
        </test-method> <!-- Verify_Product_Dept_Names -->
        <test-method status="PASS" signature="Closebrowser()[pri:0, instance:Branch_QA.Verify_EmployeeN@51f116b8]" name="Closebrowser" is-config="true" duration-ms="1043" started-at="2018-08-20T22:47:02Z" finished-at="2018-08-20T22:47:03Z">
          <reporter-output>
          </reporter-output>
        </test-method> <!-- Closebrowser -->
        <test-method status="PASS" signature="initialize()[pri:0, instance:Branch_QA.Verify_EmployeeN@51f116b8]" name="initialize" is-config="true" duration-ms="7573" started-at="2018-08-20T22:47:03Z" finished-at="2018-08-20T22:47:11Z">
          <reporter-output>
          </reporter-output>
        </test-method> <!-- initialize -->
        <test-method status="PASS" signature="Verify_Recruiting_Dept_EMpNames()[pri:0, instance:Branch_QA.Verify_EmployeeN@51f116b8]" name="Verify_Recruiting_Dept_EMpNames" duration-ms="425" started-at="2018-08-20T22:47:11Z" finished-at="2018-08-20T22:47:11Z">
          <reporter-output>
          </reporter-output>
        </test-method> <!-- Verify_Recruiting_Dept_EMpNames -->
        <test-method status="PASS" signature="Closebrowser()[pri:0, instance:Branch_QA.Verify_EmployeeN@51f116b8]" name="Closebrowser" is-config="true" duration-ms="1191" started-at="2018-08-20T22:47:11Z" finished-at="2018-08-20T22:47:12Z">
          <reporter-output>
          </reporter-output>
        </test-method> <!-- Closebrowser -->
        <test-method status="PASS" signature="initialize()[pri:0, instance:Branch_QA.Verify_EmployeeN@51f116b8]" name="initialize" is-config="true" duration-ms="7129" started-at="2018-08-20T22:47:12Z" finished-at="2018-08-20T22:47:19Z">
          <reporter-output>
          </reporter-output>
        </test-method> <!-- initialize -->
        <test-method status="PASS" signature="verifyDataDept_names()[pri:0, instance:Branch_QA.Verify_EmployeeN@51f116b8]" name="verifyDataDept_names" duration-ms="1131" started-at="2018-08-20T22:47:19Z" finished-at="2018-08-20T22:47:20Z">
          <reporter-output>
          </reporter-output>
        </test-method> <!-- verifyDataDept_names -->
        <test-method status="PASS" signature="Closebrowser()[pri:0, instance:Branch_QA.Verify_EmployeeN@51f116b8]" name="Closebrowser" is-config="true" duration-ms="995" started-at="2018-08-20T22:47:20Z" finished-at="2018-08-20T22:47:21Z">
          <reporter-output>
          </reporter-output>
        </test-method> <!-- Closebrowser -->
        <test-method status="PASS" signature="initialize()[pri:0, instance:Branch_QA.Verify_EmployeeN@51f116b8]" name="initialize" is-config="true" duration-ms="7017" started-at="2018-08-20T22:47:21Z" finished-at="2018-08-20T22:47:28Z">
          <reporter-output>
          </reporter-output>
        </test-method> <!-- initialize -->
        <test-method status="PASS" signature="verify_EngDept_Names()[pri:0, instance:Branch_QA.Verify_EmployeeN@51f116b8]" name="verify_EngDept_Names" duration-ms="3419" started-at="2018-08-20T22:47:28Z" finished-at="2018-08-20T22:47:32Z">
          <reporter-output>
          </reporter-output>
        </test-method> <!-- verify_EngDept_Names -->
        <test-method status="PASS" signature="Closebrowser()[pri:0, instance:Branch_QA.Verify_EmployeeN@51f116b8]" name="Closebrowser" is-config="true" duration-ms="1156" started-at="2018-08-20T22:47:32Z" finished-at="2018-08-20T22:47:33Z">
          <reporter-output>
          </reporter-output>
        </test-method> <!-- Closebrowser -->
      </class> <!-- Branch_QA.Verify_EmployeeN -->
    </test> <!-- Verifying Employee names -->
    <test name="Verifying Department names" duration-ms="68701" started-at="2018-08-20T22:47:33Z" finished-at="2018-08-20T22:48:42Z">
      <class name="Branch_QA.Verify_EmpDepartments">
        <test-method status="PASS" signature="initialize()[pri:0, instance:Branch_QA.Verify_EmpDepartments@3246fb96]" name="initialize" is-config="true" duration-ms="7275" started-at="2018-08-20T22:47:33Z" finished-at="2018-08-20T22:47:40Z">
          <reporter-output>
          </reporter-output>
        </test-method> <!-- initialize -->
        <test-method status="PASS" signature="Verify_DataDeptNames()[pri:0, instance:Branch_QA.Verify_EmpDepartments@3246fb96]" name="Verify_DataDeptNames" duration-ms="5637" started-at="2018-08-20T22:47:40Z" finished-at="2018-08-20T22:47:46Z">
          <reporter-output>
          </reporter-output>
        </test-method> <!-- Verify_DataDeptNames -->
        <test-method status="PASS" signature="browserclose()[pri:0, instance:Branch_QA.Verify_EmpDepartments@3246fb96]" name="browserclose" is-config="true" duration-ms="221" started-at="2018-08-20T22:47:46Z" finished-at="2018-08-20T22:47:46Z">
          <reporter-output>
          </reporter-output>
        </test-method> <!-- browserclose -->
        <test-method status="PASS" signature="initialize()[pri:0, instance:Branch_QA.Verify_EmpDepartments@3246fb96]" name="initialize" is-config="true" duration-ms="6735" started-at="2018-08-20T22:47:46Z" finished-at="2018-08-20T22:47:53Z">
          <reporter-output>
          </reporter-output>
        </test-method> <!-- initialize -->
        <test-method status="PASS" signature="Verify_Marketing_DeptNames()[pri:0, instance:Branch_QA.Verify_EmpDepartments@3246fb96]" name="Verify_Marketing_DeptNames" duration-ms="987" started-at="2018-08-20T22:47:53Z" finished-at="2018-08-20T22:47:54Z">
          <reporter-output>
          </reporter-output>
        </test-method> <!-- Verify_Marketing_DeptNames -->
        <test-method status="PASS" signature="browserclose()[pri:0, instance:Branch_QA.Verify_EmpDepartments@3246fb96]" name="browserclose" is-config="true" duration-ms="171" started-at="2018-08-20T22:47:54Z" finished-at="2018-08-20T22:47:54Z">
          <reporter-output>
          </reporter-output>
        </test-method> <!-- browserclose -->
        <test-method status="PASS" signature="initialize()[pri:0, instance:Branch_QA.Verify_EmpDepartments@3246fb96]" name="initialize" is-config="true" duration-ms="6918" started-at="2018-08-20T22:47:54Z" finished-at="2018-08-20T22:48:01Z">
          <reporter-output>
          </reporter-output>
        </test-method> <!-- initialize -->
        <test-method status="PASS" signature="Verify_Operations_Deptnames()[pri:0, instance:Branch_QA.Verify_EmpDepartments@3246fb96]" name="Verify_Operations_Deptnames" duration-ms="615" started-at="2018-08-20T22:48:01Z" finished-at="2018-08-20T22:48:02Z">
          <reporter-output>
          </reporter-output>
        </test-method> <!-- Verify_Operations_Deptnames -->
        <test-method status="PASS" signature="browserclose()[pri:0, instance:Branch_QA.Verify_EmpDepartments@3246fb96]" name="browserclose" is-config="true" duration-ms="194" started-at="2018-08-20T22:48:02Z" finished-at="2018-08-20T22:48:02Z">
          <reporter-output>
          </reporter-output>
        </test-method> <!-- browserclose -->
        <test-method status="PASS" signature="initialize()[pri:0, instance:Branch_QA.Verify_EmpDepartments@3246fb96]" name="initialize" is-config="true" duration-ms="7426" started-at="2018-08-20T22:48:02Z" finished-at="2018-08-20T22:48:09Z">
          <reporter-output>
          </reporter-output>
        </test-method> <!-- initialize -->
        <test-method status="PASS" signature="Verify_Partner_Growth_DeptNames()[pri:0, instance:Branch_QA.Verify_EmpDepartments@3246fb96]" name="Verify_Partner_Growth_DeptNames" duration-ms="3425" started-at="2018-08-20T22:48:09Z" finished-at="2018-08-20T22:48:13Z">
          <reporter-output>
          </reporter-output>
        </test-method> <!-- Verify_Partner_Growth_DeptNames -->
        <test-method status="PASS" signature="browserclose()[pri:0, instance:Branch_QA.Verify_EmpDepartments@3246fb96]" name="browserclose" is-config="true" duration-ms="339" started-at="2018-08-20T22:48:13Z" finished-at="2018-08-20T22:48:13Z">
          <reporter-output>
          </reporter-output>
        </test-method> <!-- browserclose -->
        <test-method status="PASS" signature="initialize()[pri:0, instance:Branch_QA.Verify_EmpDepartments@3246fb96]" name="initialize" is-config="true" duration-ms="7334" started-at="2018-08-20T22:48:13Z" finished-at="2018-08-20T22:48:20Z">
          <reporter-output>
          </reporter-output>
        </test-method> <!-- initialize -->
        <test-method status="PASS" signature="Verify_Product_DeptNames()[pri:0, instance:Branch_QA.Verify_EmpDepartments@3246fb96]" name="Verify_Product_DeptNames" duration-ms="407" started-at="2018-08-20T22:48:20Z" finished-at="2018-08-20T22:48:21Z">
          <reporter-output>
          </reporter-output>
        </test-method> <!-- Verify_Product_DeptNames -->
        <test-method status="PASS" signature="browserclose()[pri:0, instance:Branch_QA.Verify_EmpDepartments@3246fb96]" name="browserclose" is-config="true" duration-ms="216" started-at="2018-08-20T22:48:21Z" finished-at="2018-08-20T22:48:21Z">
          <reporter-output>
          </reporter-output>
        </test-method> <!-- browserclose -->
        <test-method status="PASS" signature="initialize()[pri:0, instance:Branch_QA.Verify_EmpDepartments@3246fb96]" name="initialize" is-config="true" duration-ms="7731" started-at="2018-08-20T22:48:21Z" finished-at="2018-08-20T22:48:29Z">
          <reporter-output>
          </reporter-output>
        </test-method> <!-- initialize -->
        <test-method status="PASS" signature="Verify_Recruiting_DeptNames()[pri:0, instance:Branch_QA.Verify_EmpDepartments@3246fb96]" name="Verify_Recruiting_DeptNames" duration-ms="299" started-at="2018-08-20T22:48:29Z" finished-at="2018-08-20T22:48:29Z">
          <reporter-output>
          </reporter-output>
        </test-method> <!-- Verify_Recruiting_DeptNames -->
        <test-method status="PASS" signature="browserclose()[pri:0, instance:Branch_QA.Verify_EmpDepartments@3246fb96]" name="browserclose" is-config="true" duration-ms="2182" started-at="2018-08-20T22:48:29Z" finished-at="2018-08-20T22:48:31Z">
          <reporter-output>
          </reporter-output>
        </test-method> <!-- browserclose -->
        <test-method status="PASS" signature="initialize()[pri:0, instance:Branch_QA.Verify_EmpDepartments@3246fb96]" name="initialize" is-config="true" duration-ms="7111" started-at="2018-08-20T22:48:31Z" finished-at="2018-08-20T22:48:38Z">
          <reporter-output>
          </reporter-output>
        </test-method> <!-- initialize -->
        <test-method status="PASS" signature="verify_EngDeptNames()[pri:0, instance:Branch_QA.Verify_EmpDepartments@3246fb96]" name="verify_EngDeptNames" duration-ms="3142" started-at="2018-08-20T22:48:38Z" finished-at="2018-08-20T22:48:41Z">
          <reporter-output>
          </reporter-output>
        </test-method> <!-- verify_EngDeptNames -->
        <test-method status="PASS" signature="browserclose()[pri:0, instance:Branch_QA.Verify_EmpDepartments@3246fb96]" name="browserclose" is-config="true" duration-ms="318" started-at="2018-08-20T22:48:41Z" finished-at="2018-08-20T22:48:42Z">
          <reporter-output>
          </reporter-output>
        </test-method> <!-- browserclose -->
      </class> <!-- Branch_QA.Verify_EmpDepartments -->
    </test> <!-- Verifying Department names -->
  </suite> <!-- Suite -->
</testng-results>
