<?xml version="1.0" encoding="UTF-8"?>
<testng-results skipped="0" failed="0" ignored="0" total="7" passed="7">
  <reporter-output>
  </reporter-output>
  <suite name="Default suite" duration-ms="432016" started-at="2018-08-30T18:04:36Z" finished-at="2018-08-30T18:11:48Z">
    <groups>
    </groups>
    <test name="Default test" duration-ms="432016" started-at="2018-08-30T18:04:36Z" finished-at="2018-08-30T18:11:48Z">
      <class name="Branch_QA.Verify_EmpDepartments">
        <test-method status="PASS" signature="initialize()[pri:0, instance:Branch_QA.Verify_EmpDepartments@78ffe6dc]" name="initialize" is-config="true" duration-ms="105383" started-at="2018-08-30T18:04:36Z" finished-at="2018-08-30T18:06:22Z">
          <reporter-output>
          </reporter-output>
        </test-method> <!-- initialize -->
        <test-method status="PASS" signature="Verify_DataDeptNames()[pri:0, instance:Branch_QA.Verify_EmpDepartments@78ffe6dc]" name="Verify_DataDeptNames" duration-ms="5628" started-at="2018-08-30T18:06:22Z" finished-at="2018-08-30T18:06:27Z">
          <reporter-output>
          </reporter-output>
        </test-method> <!-- Verify_DataDeptNames -->
        <test-method status="PASS" signature="browserclose()[pri:0, instance:Branch_QA.Verify_EmpDepartments@78ffe6dc]" name="browserclose" is-config="true" duration-ms="205" started-at="2018-08-30T18:06:27Z" finished-at="2018-08-30T18:06:27Z">
          <reporter-output>
          </reporter-output>
        </test-method> <!-- browserclose -->
        <test-method status="PASS" signature="initialize()[pri:0, instance:Branch_QA.Verify_EmpDepartments@78ffe6dc]" name="initialize" is-config="true" duration-ms="68392" started-at="2018-08-30T18:06:27Z" finished-at="2018-08-30T18:07:36Z">
          <reporter-output>
          </reporter-output>
        </test-method> <!-- initialize -->
        <test-method status="PASS" signature="Verify_Marketing_DeptNames()[pri:0, instance:Branch_QA.Verify_EmpDepartments@78ffe6dc]" name="Verify_Marketing_DeptNames" duration-ms="949" started-at="2018-08-30T18:07:36Z" finished-at="2018-08-30T18:07:37Z">
          <reporter-output>
          </reporter-output>
        </test-method> <!-- Verify_Marketing_DeptNames -->
        <test-method status="PASS" signature="browserclose()[pri:0, instance:Branch_QA.Verify_EmpDepartments@78ffe6dc]" name="browserclose" is-config="true" duration-ms="218" started-at="2018-08-30T18:07:37Z" finished-at="2018-08-30T18:07:37Z">
          <reporter-output>
          </reporter-output>
        </test-method> <!-- browserclose -->
        <test-method status="PASS" signature="initialize()[pri:0, instance:Branch_QA.Verify_EmpDepartments@78ffe6dc]" name="initialize" is-config="true" duration-ms="22010" started-at="2018-08-30T18:07:37Z" finished-at="2018-08-30T18:07:59Z">
          <reporter-output>
          </reporter-output>
        </test-method> <!-- initialize -->
        <test-method status="PASS" signature="Verify_Operations_Deptnames()[pri:0, instance:Branch_QA.Verify_EmpDepartments@78ffe6dc]" name="Verify_Operations_Deptnames" duration-ms="517" started-at="2018-08-30T18:07:59Z" finished-at="2018-08-30T18:07:59Z">
          <reporter-output>
          </reporter-output>
        </test-method> <!-- Verify_Operations_Deptnames -->
        <test-method status="PASS" signature="browserclose()[pri:0, instance:Branch_QA.Verify_EmpDepartments@78ffe6dc]" name="browserclose" is-config="true" duration-ms="329" started-at="2018-08-30T18:07:59Z" finished-at="2018-08-30T18:08:00Z">
          <reporter-output>
          </reporter-output>
        </test-method> <!-- browserclose -->
        <test-method status="PASS" signature="initialize()[pri:0, instance:Branch_QA.Verify_EmpDepartments@78ffe6dc]" name="initialize" is-config="true" duration-ms="67633" started-at="2018-08-30T18:08:00Z" finished-at="2018-08-30T18:09:07Z">
          <reporter-output>
          </reporter-output>
        </test-method> <!-- initialize -->
        <test-method status="PASS" signature="Verify_Partner_Growth_DeptNames()[pri:0, instance:Branch_QA.Verify_EmpDepartments@78ffe6dc]" name="Verify_Partner_Growth_DeptNames" duration-ms="3134" started-at="2018-08-30T18:09:07Z" finished-at="2018-08-30T18:09:11Z">
          <reporter-output>
          </reporter-output>
        </test-method> <!-- Verify_Partner_Growth_DeptNames -->
        <test-method status="PASS" signature="browserclose()[pri:0, instance:Branch_QA.Verify_EmpDepartments@78ffe6dc]" name="browserclose" is-config="true" duration-ms="217" started-at="2018-08-30T18:09:11Z" finished-at="2018-08-30T18:09:11Z">
          <reporter-output>
          </reporter-output>
        </test-method> <!-- browserclose -->
        <test-method status="PASS" signature="initialize()[pri:0, instance:Branch_QA.Verify_EmpDepartments@78ffe6dc]" name="initialize" is-config="true" duration-ms="56406" started-at="2018-08-30T18:09:11Z" finished-at="2018-08-30T18:10:07Z">
          <reporter-output>
          </reporter-output>
        </test-method> <!-- initialize -->
        <test-method status="PASS" signature="Verify_Product_DeptNames()[pri:0, instance:Branch_QA.Verify_EmpDepartments@78ffe6dc]" name="Verify_Product_DeptNames" duration-ms="369" started-at="2018-08-30T18:10:07Z" finished-at="2018-08-30T18:10:08Z">
          <reporter-output>
          </reporter-output>
        </test-method> <!-- Verify_Product_DeptNames -->
        <test-method status="PASS" signature="browserclose()[pri:0, instance:Branch_QA.Verify_EmpDepartments@78ffe6dc]" name="browserclose" is-config="true" duration-ms="160" started-at="2018-08-30T18:10:08Z" finished-at="2018-08-30T18:10:08Z">
          <reporter-output>
          </reporter-output>
        </test-method> <!-- browserclose -->
        <test-method status="PASS" signature="initialize()[pri:0, instance:Branch_QA.Verify_EmpDepartments@78ffe6dc]" name="initialize" is-config="true" duration-ms="67113" started-at="2018-08-30T18:10:08Z" finished-at="2018-08-30T18:11:15Z">
          <reporter-output>
          </reporter-output>
        </test-method> <!-- initialize -->
        <test-method status="PASS" signature="Verify_Recruiting_DeptNames()[pri:0, instance:Branch_QA.Verify_EmpDepartments@78ffe6dc]" name="Verify_Recruiting_DeptNames" duration-ms="286" started-at="2018-08-30T18:11:15Z" finished-at="2018-08-30T18:11:15Z">
          <reporter-output>
          </reporter-output>
        </test-method> <!-- Verify_Recruiting_DeptNames -->
        <test-method status="PASS" signature="browserclose()[pri:0, instance:Branch_QA.Verify_EmpDepartments@78ffe6dc]" name="browserclose" is-config="true" duration-ms="323" started-at="2018-08-30T18:11:15Z" finished-at="2018-08-30T18:11:15Z">
          <reporter-output>
          </reporter-output>
        </test-method> <!-- browserclose -->
        <test-method status="PASS" signature="initialize()[pri:0, instance:Branch_QA.Verify_EmpDepartments@78ffe6dc]" name="initialize" is-config="true" duration-ms="29950" started-at="2018-08-30T18:11:15Z" finished-at="2018-08-30T18:11:45Z">
          <reporter-output>
          </reporter-output>
        </test-method> <!-- initialize -->
        <test-method status="PASS" signature="verify_EngDeptNames()[pri:0, instance:Branch_QA.Verify_EmpDepartments@78ffe6dc]" name="verify_EngDeptNames" duration-ms="2501" started-at="2018-08-30T18:11:45Z" finished-at="2018-08-30T18:11:48Z">
          <reporter-output>
          </reporter-output>
        </test-method> <!-- verify_EngDeptNames -->
        <test-method status="PASS" signature="browserclose()[pri:0, instance:Branch_QA.Verify_EmpDepartments@78ffe6dc]" name="browserclose" is-config="true" duration-ms="257" started-at="2018-08-30T18:11:48Z" finished-at="2018-08-30T18:11:48Z">
          <reporter-output>
          </reporter-output>
        </test-method> <!-- browserclose -->
      </class> <!-- Branch_QA.Verify_EmpDepartments -->
    </test> <!-- Default test -->
  </suite> <!-- Default suite -->
</testng-results>
